d:\labs\flyingdangerc++\flyingdangerc++\x64\debug\vc143.pdb
d:\labs\flyingdangerc++\flyingdangerc++\x64\debug\vc143.idb
d:\labs\flyingdangerc++\flyingdangerc++\x64\debug\projectile.obj
d:\labs\flyingdangerc++\flyingdangerc++\x64\debug\player.obj
d:\labs\flyingdangerc++\flyingdangerc++\x64\debug\meteor.obj
d:\labs\flyingdangerc++\flyingdangerc++\x64\debug\gamemanager.obj
d:\labs\flyingdangerc++\flyingdangerc++\x64\debug\flyingdangerc++.obj
d:\labs\flyingdangerc++\flyingdangerc++\x64\debug\enemy.obj
d:\labs\flyingdangerc++\flyingdangerc++\x64\debug\castle.obj
d:\labs\flyingdangerc++\x64\debug\flyingdangerc++.exe
d:\labs\flyingdangerc++\x64\debug\flyingdangerc++.pdb
d:\labs\flyingdangerc++\flyingdangerc++\x64\debug\flyingdangerc++.ilk
d:\labs\flyingdangerc++\flyingdangerc++\x64\debug\boss.obj
d:\labs\flyingdangerc++\flyingdangerc++\x64\debug\main.obj
d:\labs\flyingdangerc++\flyingdangerc++\x64\debug\flyingdangerc++.tlog\cl.command.1.tlog
d:\labs\flyingdangerc++\flyingdangerc++\x64\debug\flyingdangerc++.tlog\cl.items.tlog
d:\labs\flyingdangerc++\flyingdangerc++\x64\debug\flyingdangerc++.tlog\cl.read.1.tlog
d:\labs\flyingdangerc++\flyingdangerc++\x64\debug\flyingdangerc++.tlog\cl.write.1.tlog
d:\labs\flyingdangerc++\flyingdangerc++\x64\debug\flyingdangerc++.tlog\link.command.1.tlog
d:\labs\flyingdangerc++\flyingdangerc++\x64\debug\flyingdangerc++.tlog\link.read.1.tlog
d:\labs\flyingdangerc++\flyingdangerc++\x64\debug\flyingdangerc++.tlog\link.secondary.1.tlog
d:\labs\flyingdangerc++\flyingdangerc++\x64\debug\flyingdangerc++.tlog\link.write.1.tlog
